<?xml version="1.0" encoding="UTF-8"?>
<!-- Generated by org.testng.reporters.JUnitReportReporter -->
<testsuite skipped="0" hostname="DESKTOP-9L95BL6" name="TestNgClass.Day13CrossBrowser" tests="2" failures="0" timestamp="04 Jul 2021 12:15:59 GMT" time="14.931" errors="0">
  <testcase name="test1" time="6.550" classname="TestNgClass.Day13CrossBrowser"/>
  <testcase name="test1" time="8.381" classname="TestNgClass.Day13CrossBrowser"/>
</testsuite> <!-- TestNgClass.Day13CrossBrowser -->
