<?xml version="1.0" encoding="UTF-8"?>
<!-- Generated by org.testng.reporters.JUnitReportReporter -->
<testsuite skipped="1" hostname="DESKTOP-9L95BL6" name="TestNgClass.day9TestNg1" tests="8" failures="0" timestamp="30 Jun 2021 11:12:43 GMT" time="0.031" errors="0">
  <testcase name="test4" time="0.017" classname="TestNgClass.day9TestNg1"/>
  <testcase name="test2" time="0.002" classname="TestNgClass.day9TestNg1"/>
  <testcase name="test2" time="0.001" classname="TestNgClass.day9TestNg1"/>
  <testcase name="test1" time="0.002" classname="TestNgClass.day9TestNg1"/>
  <testcase name="test2" time="0.004" classname="TestNgClass.day9TestNg1"/>
  <testcase name="test2" time="0.002" classname="TestNgClass.day9TestNg1"/>
  <testcase name="test2" time="0.003" classname="TestNgClass.day9TestNg1"/>
  <testcase name="test3" classname="TestNgClass.day9TestNg1">
    <skipped/>
  </testcase> <!-- test3 -->
</testsuite> <!-- TestNgClass.day9TestNg1 -->
