<?xml version="1.0" encoding="UTF-8"?>
<!-- Generated by org.testng.reporters.JUnitReportReporter -->
<testsuite skipped="0" hostname="DESKTOP-9L95BL6" name="TestNgClass.Day12DateProvider" tests="2" failures="0" timestamp="29 Jun 2021 12:43:45 GMT" time="14.667" errors="0">
  <testcase name="test1" time="8.185" classname="TestNgClass.Day12DateProvider"/>
  <testcase name="test1" time="6.482" classname="TestNgClass.Day12DateProvider"/>
</testsuite> <!-- TestNgClass.Day12DateProvider -->
