<?xml version="1.0" encoding="UTF-8"?>
<!-- Generated by org.testng.reporters.JUnitReportReporter -->
<testsuite skipped="0" hostname="DESKTOP-9L95BL6" name="TestNgClass.Day13MultipleThread" tests="4" failures="0" timestamp="01 Jul 2021 10:06:00 GMT" time="0.024" errors="0">
  <testcase name="test1" time="0.017" classname="TestNgClass.Day13MultipleThread"/>
  <testcase name="test3" time="0.002" classname="TestNgClass.Day13MultipleThread"/>
  <testcase name="test4" time="0.003" classname="TestNgClass.Day13MultipleThread"/>
  <testcase name="test2" time="0.002" classname="TestNgClass.Day13MultipleThread"/>
</testsuite> <!-- TestNgClass.Day13MultipleThread -->
