<?xml version="1.0" encoding="UTF-8"?>
<!-- Generated by org.testng.reporters.JUnitReportReporter -->
<testsuite skipped="0" hostname="DESKTOP-9L95BL6" name="TestNgClass.Day13Thread" tests="4" failures="0" timestamp="01 Jul 2021 10:06:00 GMT" time="0.052" errors="0">
  <testcase name="test2" time="0.027" classname="TestNgClass.Day13Thread"/>
  <testcase name="test3" time="0.001" classname="TestNgClass.Day13Thread"/>
  <testcase name="test1" time="0.016" classname="TestNgClass.Day13Thread"/>
  <testcase name="test4" time="0.008" classname="TestNgClass.Day13Thread"/>
</testsuite> <!-- TestNgClass.Day13Thread -->
