<?xml version="1.0" encoding="UTF-8"?>
<!-- Generated by org.testng.reporters.JUnitReportReporter -->
<testsuite skipped="0" hostname="DESKTOP-9L95BL6" name="TestNgClass.Day9TestNg" tests="2" failures="0" timestamp="28 Jun 2021 12:24:15 GMT" time="0.031" errors="0">
  <testcase name="test1" time="0.027" classname="TestNgClass.Day9TestNg"/>
  <testcase name="test2" time="0.004" classname="TestNgClass.Day9TestNg"/>
</testsuite> <!-- TestNgClass.Day9TestNg -->
