<?xml version="1.0" encoding="UTF-8"?>
<!-- Generated by org.testng.reporters.JUnitReportReporter -->
<testsuite skipped="0" hostname="DESKTOP-9L95BL6" name="TestNgClass.Day11Assert" tests="1" failures="0" timestamp="29 Jun 2021 12:21:33 GMT" time="0.740" errors="0">
  <testcase name="test1" time="0.740" classname="TestNgClass.Day11Assert"/>
</testsuite> <!-- TestNgClass.Day11Assert -->
