<?xml version="1.0" encoding="UTF-8"?>
<!-- Generated by org.testng.reporters.JUnitReportReporter -->
<testsuite skipped="0" hostname="DESKTOP-9L95BL6" name="TestNgClass.day9TestNg2" tests="2" failures="0" timestamp="30 Jun 2021 11:19:01 GMT" time="0.029" errors="0">
  <testcase name="test2" time="0.027" classname="TestNgClass.day9TestNg2"/>
  <testcase name="test3" time="0.002" classname="TestNgClass.day9TestNg2"/>
</testsuite> <!-- TestNgClass.day9TestNg2 -->
